# JRE version: OpenJDK Runtime Environment (17.0.6) (build 17.0.6+0-b2043.56-9586694)
# Java VM: OpenJDK 64-Bit Server VM (17.0.6+0-b2043.56-9586694, mixed mode, tiered, compressed oops, compressed class ptrs, g1 gc, windows-amd64)
GC Precious Log:
 CPUs: 4 total, 4 available
 Memory: 8025M
 Large Page Support: Disabled
 NUMA Support: Disabled
 Compressed Oops: Enabled (32-bit)
 Heap Region Size: 1M
 Heap Min Capacity: 8M
 Heap Initial Capacity: 126M
 Heap Max Capacity: 2G
 Pre-touch: Disabled
 Parallel Workers: 4
 Concurrent Workers: 1
 Concurrent Refinement Workers: 4
 Periodic GC: Disabled
Heap:
 garbage-first heap   total 317440K, used 141129K [0x0000000080000000, 0x0000000100000000)
  region size 1024K, 8 young (8192K), 8 survivors (8192K)
 Metaspace       used 125308K, committed 126080K, reserved 1163264K
  class space    used 16769K, committed 17152K, reserved 1048576K
GC Heap History (20 events):
Event: 37.091 GC heap after
{Heap after GC invocations=48 (full 0):
 garbage-first heap   total 317440K, used 126976K [0x0000000080000000, 0x0000000100000000)
  region size 1024K, 1 young (1024K), 1 survivors (1024K)
 Metaspace       used 120926K, committed 121728K, reserved 1155072K
  class space    used 16253K, committed 16640K, reserved 1048576K
}
Event: 37.992 GC heap before
{Heap before GC invocations=48 (full 0):
 garbage-first heap   total 317440K, used 258048K [0x0000000080000000, 0x0000000100000000)
  region size 1024K, 130 young (133120K), 1 survivors (1024K)
 Metaspace       used 123718K, committed 124480K, reserved 1163264K
  class space    used 16624K, committed 16960K, reserved 1048576K
}
Event: 38.007 GC heap after
{Heap after GC invocations=49 (full 0):
 garbage-first heap   total 317440K, used 131850K [0x0000000080000000, 0x0000000100000000)
  region size 1024K, 6 young (6144K), 6 survivors (6144K)
 Metaspace       used 123718K, committed 124480K, reserved 1163264K
  class space    used 16624K, committed 16960K, reserved 1048576K
}
Event: 38.665 GC heap before
{Heap before GC invocations=50 (full 0):
 garbage-first heap   total 317440K, used 260874K [0x0000000080000000, 0x0000000100000000)
  region size 1024K, 132 young (135168K), 6 survivors (6144K)
 Metaspace       used 124052K, committed 124800K, reserved 1163264K
  class space    used 16640K, committed 17024K, reserved 1048576K
}
Event: 38.680 GC heap after
{Heap after GC invocations=51 (full 0):
 garbage-first heap   total 317440K, used 136856K [0x0000000080000000, 0x0000000100000000)
  region size 1024K, 11 young (11264K), 11 survivors (11264K)
 Metaspace       used 124052K, committed 124800K, reserved 1163264K
  class space    used 16640K, committed 17024K, reserved 1048576K
}
Event: 38.693 GC heap before
{Heap before GC invocations=51 (full 0):
 garbage-first heap   total 317440K, used 140952K [0x0000000080000000, 0x0000000100000000)
  region size 1024K, 15 young (15360K), 11 survivors (11264K)
 Metaspace       used 124052K, committed 124800K, reserved 1163264K
  class space    used 16640K, committed 17024K, reserved 1048576K
}
Event: 38.709 GC heap after
{Heap after GC invocations=52 (full 0):
 garbage-first heap   total 317440K, used 134328K [0x0000000080000000, 0x0000000100000000)
  region size 1024K, 1 young (1024K), 1 survivors (1024K)
 Metaspace       used 124052K, committed 124800K, reserved 1163264K
  class space    used 16640K, committed 17024K, reserved 1048576K
}
Event: 39.226 GC heap before
{Heap before GC invocations=52 (full 0):
 garbage-first heap   total 317440K, used 261304K [0x0000000080000000, 0x0000000100000000)
  region size 1024K, 125 young (128000K), 1 survivors (1024K)
 Metaspace       used 124582K, committed 125376K, reserved 1163264K
  class space    used 16723K, committed 17088K, reserved 1048576K
}
Event: 39.231 GC heap after
{Heap after GC invocations=53 (full 0):
 garbage-first heap   total 317440K, used 134440K [0x0000000080000000, 0x0000000100000000)
  region size 1024K, 2 young (2048K), 2 survivors (2048K)
 Metaspace       used 124582K, committed 125376K, reserved 1163264K
  class space    used 16723K, committed 17088K, reserved 1048576K
}
Event: 39.743 GC heap before
{Heap before GC invocations=53 (full 0):
 garbage-first heap   total 317440K, used 264488K [0x0000000080000000, 0x0000000100000000)
  region size 1024K, 129 young (132096K), 2 survivors (2048K)
 Metaspace       used 124824K, committed 125632K, reserved 1163264K
  class space    used 16729K, committed 17088K, reserved 1048576K
}
Event: 39.750 GC heap after
{Heap after GC invocations=54 (full 0):
 garbage-first heap   total 317440K, used 136683K [0x0000000080000000, 0x0000000100000000)
  region size 1024K, 4 young (4096K), 4 survivors (4096K)
 Metaspace       used 124824K, committed 125632K, reserved 1163264K
  class space    used 16729K, committed 17088K, reserved 1048576K
}
Event: 40.193 GC heap before
{Heap before GC invocations=54 (full 0):
 garbage-first heap   total 317440K, used 266731K [0x0000000080000000, 0x0000000100000000)
  region size 1024K, 131 young (134144K), 4 survivors (4096K)
 Metaspace       used 124887K, committed 125696K, reserved 1163264K
  class space    used 16735K, committed 17088K, reserved 1048576K
}
Event: 40.198 GC heap after
{Heap after GC invocations=55 (full 0):
 garbage-first heap   total 317440K, used 136088K [0x0000000080000000, 0x0000000100000000)
  region size 1024K, 3 young (3072K), 3 survivors (3072K)
 Metaspace       used 124887K, committed 125696K, reserved 1163264K
  class space    used 16735K, committed 17088K, reserved 1048576K
}
Event: 40.838 GC heap before
{Heap before GC invocations=55 (full 0):
 garbage-first heap   total 317440K, used 269208K [0x0000000080000000, 0x0000000100000000)
  region size 1024K, 133 young (136192K), 3 survivors (3072K)
 Metaspace       used 125060K, committed 125824K, reserved 1163264K
  class space    used 16750K, committed 17088K, reserved 1048576K
}
Event: 40.843 GC heap after
{Heap after GC invocations=56 (full 0):
 garbage-first heap   total 317440K, used 136217K [0x0000000080000000, 0x0000000100000000)
  region size 1024K, 3 young (3072K), 3 survivors (3072K)
 Metaspace       used 125060K, committed 125824K, reserved 1163264K
  class space    used 16750K, committed 17088K, reserved 1048576K
}
Event: 41.400 GC heap before
{Heap before GC invocations=56 (full 0):
 garbage-first heap   total 317440K, used 271385K [0x0000000080000000, 0x0000000100000000)
  region size 1024K, 135 young (138240K), 3 survivors (3072K)
 Metaspace       used 125232K, committed 126016K, reserved 1163264K
  class space    used 16758K, committed 17152K, reserved 1048576K
}
Event: 41.408 GC heap after
{Heap after GC invocations=57 (full 0):
 garbage-first heap   total 317440K, used 138690K [0x0000000080000000, 0x0000000100000000)
  region size 1024K, 6 young (6144K), 6 survivors (6144K)
 Metaspace       used 125232K, committed 126016K, reserved 1163264K
  class space    used 16758K, committed 17152K, reserved 1048576K
}
Event: 41.803 GC heap before
{Heap before GC invocations=57 (full 0):
 garbage-first heap   total 317440K, used 270786K [0x0000000080000000, 0x0000000100000000)
  region size 1024K, 135 young (138240K), 6 survivors (6144K)
 Metaspace       used 125296K, committed 126080K, reserved 1163264K
  class space    used 16767K, committed 17152K, reserved 1048576K
}
Event: 41.813 GC heap after
{Heap after GC invocations=58 (full 0):
 garbage-first heap   total 317440K, used 141154K [0x0000000080000000, 0x0000000100000000)
  region size 1024K, 8 young (8192K), 8 survivors (8192K)
 Metaspace       used 125296K, committed 126080K, reserved 1163264K
  class space    used 16767K, committed 17152K, reserved 1048576K
}
Event: 42.231 GC heap before
{Heap before GC invocations=58 (full 0):
 garbage-first heap   total 317440K, used 271202K [0x0000000080000000, 0x0000000100000000)
  region size 1024K, 135 young (138240K), 8 survivors (8192K)
 Metaspace       used 125308K, committed 126080K, reserved 1163264K
  class space    used 16769K, committed 17152K, reserved 1048576K
}

