# JRE version: OpenJDK Runtime Environment (17.0.6) (build 17.0.6+0-b2043.56-9586694)
# Java VM: OpenJDK 64-Bit Server VM (17.0.6+0-b2043.56-9586694, mixed mode, tiered, compressed oops, compressed class ptrs, g1 gc, windows-amd64)
GC Precious Log:
 CPUs: 4 total, 4 available
 Memory: 8025M
 Large Page Support: Disabled
 NUMA Support: Disabled
 Compressed Oops: Enabled (32-bit)
 Heap Region Size: 1M
 Heap Min Capacity: 8M
 Heap Initial Capacity: 126M
 Heap Max Capacity: 2G
 Pre-touch: Disabled
 Parallel Workers: 4
 Concurrent Workers: 1
 Concurrent Refinement Workers: 4
 Periodic GC: Disabled
Heap:
 garbage-first heap   total 493568K, used 246285K [0x0000000080000000, 0x0000000100000000)
  region size 1024K, 3 young (3072K), 3 survivors (3072K)
 Metaspace       used 150881K, committed 152000K, reserved 1187840K
  class space    used 19847K, committed 20352K, reserved 1048576K
GC Heap History (20 events):
Event: 224.276 GC heap after
{Heap after GC invocations=94 (full 0):
 garbage-first heap   total 450560K, used 241993K [0x0000000080000000, 0x0000000100000000)
  region size 1024K, 1 young (1024K), 1 survivors (1024K)
 Metaspace       used 136592K, committed 137664K, reserved 1171456K
  class space    used 17880K, committed 18368K, reserved 1048576K
}
Event: 226.687 GC heap before
{Heap before GC invocations=94 (full 0):
 garbage-first heap   total 450560K, used 377161K [0x0000000080000000, 0x0000000100000000)
  region size 1024K, 134 young (137216K), 1 survivors (1024K)
 Metaspace       used 136606K, committed 137664K, reserved 1171456K
  class space    used 17880K, committed 18368K, reserved 1048576K
}
Event: 226.691 GC heap after
{Heap after GC invocations=95 (full 0):
 garbage-first heap   total 450560K, used 242623K [0x0000000080000000, 0x0000000100000000)
  region size 1024K, 2 young (2048K), 2 survivors (2048K)
 Metaspace       used 136606K, committed 137664K, reserved 1171456K
  class space    used 17880K, committed 18368K, reserved 1048576K
}
Event: 229.255 GC heap before
{Heap before GC invocations=96 (full 0):
 garbage-first heap   total 450560K, used 381887K [0x0000000080000000, 0x0000000100000000)
  region size 1024K, 139 young (142336K), 2 survivors (2048K)
 Metaspace       used 148713K, committed 149760K, reserved 1179648K
  class space    used 19678K, committed 20160K, reserved 1048576K
}
Event: 229.267 GC heap after
{Heap after GC invocations=97 (full 0):
 garbage-first heap   total 450560K, used 247838K [0x0000000080000000, 0x0000000100000000)
  region size 1024K, 7 young (7168K), 7 survivors (7168K)
 Metaspace       used 148713K, committed 149760K, reserved 1179648K
  class space    used 19678K, committed 20160K, reserved 1048576K
}
Event: 229.474 GC heap before
{Heap before GC invocations=97 (full 0):
 garbage-first heap   total 450560K, used 263198K [0x0000000080000000, 0x0000000100000000)
  region size 1024K, 22 young (22528K), 7 survivors (7168K)
 Metaspace       used 148894K, committed 149952K, reserved 1179648K
  class space    used 19690K, committed 20160K, reserved 1048576K
}
Event: 229.500 GC heap after
{Heap after GC invocations=98 (full 0):
 garbage-first heap   total 450560K, used 244044K [0x0000000080000000, 0x0000000100000000)
  region size 1024K, 1 young (1024K), 1 survivors (1024K)
 Metaspace       used 148894K, committed 149952K, reserved 1179648K
  class space    used 19690K, committed 20160K, reserved 1048576K
}
Event: 230.439 GC heap before
{Heap before GC invocations=98 (full 0):
 garbage-first heap   total 450560K, used 383308K [0x0000000080000000, 0x0000000100000000)
  region size 1024K, 138 young (141312K), 1 survivors (1024K)
 Metaspace       used 150034K, committed 151168K, reserved 1187840K
  class space    used 19785K, committed 20288K, reserved 1048576K
}
Event: 230.447 GC heap after
{Heap after GC invocations=99 (full 0):
 garbage-first heap   total 450560K, used 248213K [0x0000000080000000, 0x0000000100000000)
  region size 1024K, 6 young (6144K), 6 survivors (6144K)
 Metaspace       used 150034K, committed 151168K, reserved 1187840K
  class space    used 19785K, committed 20288K, reserved 1048576K
}
Event: 232.208 GC heap before
{Heap before GC invocations=100 (full 0):
 garbage-first heap   total 493568K, used 379285K [0x0000000080000000, 0x0000000100000000)
  region size 1024K, 134 young (137216K), 6 survivors (6144K)
 Metaspace       used 150280K, committed 151360K, reserved 1187840K
  class space    used 19803K, committed 20288K, reserved 1048576K
}
Event: 232.214 GC heap after
{Heap after GC invocations=101 (full 0):
 garbage-first heap   total 493568K, used 247730K [0x0000000080000000, 0x0000000100000000)
  region size 1024K, 5 young (5120K), 5 survivors (5120K)
 Metaspace       used 150280K, committed 151360K, reserved 1187840K
  class space    used 19803K, committed 20288K, reserved 1048576K
}
Event: 232.374 GC heap before
{Heap before GC invocations=101 (full 0):
 garbage-first heap   total 493568K, used 267186K [0x0000000080000000, 0x0000000100000000)
  region size 1024K, 24 young (24576K), 5 survivors (5120K)
 Metaspace       used 150288K, committed 151360K, reserved 1187840K
  class space    used 19804K, committed 20288K, reserved 1048576K
}
Event: 232.390 GC heap after
{Heap after GC invocations=102 (full 0):
 garbage-first heap   total 493568K, used 243972K [0x0000000080000000, 0x0000000100000000)
  region size 1024K, 2 young (2048K), 2 survivors (2048K)
 Metaspace       used 150288K, committed 151360K, reserved 1187840K
  class space    used 19804K, committed 20288K, reserved 1048576K
}
Event: 233.582 GC heap before
{Heap before GC invocations=102 (full 0):
 garbage-first heap   total 493568K, used 405764K [0x0000000080000000, 0x0000000100000000)
  region size 1024K, 161 young (164864K), 2 survivors (2048K)
 Metaspace       used 150437K, committed 151488K, reserved 1187840K
  class space    used 19811K, committed 20288K, reserved 1048576K
}
Event: 233.587 GC heap after
{Heap after GC invocations=103 (full 0):
 garbage-first heap   total 493568K, used 244612K [0x0000000080000000, 0x0000000100000000)
  region size 1024K, 2 young (2048K), 2 survivors (2048K)
 Metaspace       used 150437K, committed 151488K, reserved 1187840K
  class space    used 19811K, committed 20288K, reserved 1048576K
}
Event: 234.666 GC heap before
{Heap before GC invocations=104 (full 0):
 garbage-first heap   total 493568K, used 426884K [0x0000000080000000, 0x0000000100000000)
  region size 1024K, 179 young (183296K), 2 survivors (2048K)
 Metaspace       used 150748K, committed 151872K, reserved 1187840K
  class space    used 19837K, committed 20352K, reserved 1048576K
}
Event: 234.675 GC heap after
{Heap after GC invocations=105 (full 0):
 garbage-first heap   total 493568K, used 247999K [0x0000000080000000, 0x0000000100000000)
  region size 1024K, 6 young (6144K), 6 survivors (6144K)
 Metaspace       used 150748K, committed 151872K, reserved 1187840K
  class space    used 19837K, committed 20352K, reserved 1048576K
}
Event: 234.751 GC heap before
{Heap before GC invocations=105 (full 0):
 garbage-first heap   total 493568K, used 266431K [0x0000000080000000, 0x0000000100000000)
  region size 1024K, 24 young (24576K), 6 survivors (6144K)
 Metaspace       used 150753K, committed 151872K, reserved 1187840K
  class space    used 19837K, committed 20352K, reserved 1048576K
}
Event: 234.776 GC heap after
{Heap after GC invocations=106 (full 0):
 garbage-first heap   total 493568K, used 244980K [0x0000000080000000, 0x0000000100000000)
  region size 1024K, 1 young (1024K), 1 survivors (1024K)
 Metaspace       used 150753K, committed 151872K, reserved 1187840K
  class space    used 19837K, committed 20352K, reserved 1048576K
}
Event: 235.652 GC heap before
{Heap before GC invocations=106 (full 0):
 garbage-first heap   total 493568K, used 426228K [0x0000000080000000, 0x0000000100000000)
  region size 1024K, 178 young (182272K), 1 survivors (1024K)
 Metaspace       used 150881K, committed 152000K, reserved 1187840K
  class space    used 19847K, committed 20352K, reserved 1048576K
}

